TN:
SF:C:\Users\garre\source\repos\node-server\src\middleware\apiDocs.ts
FN:5,(anonymous_1)
FNF:1
FNH:1
FNDA:3,(anonymous_1)
DA:2,1
DA:3,1
DA:5,1
DA:6,3
LF:4
LH:4
BRF:0
BRH:0
end_of_record
TN:
SF:C:\Users\garre\source\repos\node-server\src\middleware\checks.ts
FN:4,(anonymous_0)
FNF:1
FNH:1
FNDA:2,(anonymous_0)
DA:2,1
DA:4,1
DA:9,2
DA:10,1
DA:12,1
LF:5
LH:5
BRDA:9,0,0,1
BRDA:9,0,1,1
BRF:2
BRH:2
end_of_record
TN:
SF:C:\Users\garre\source\repos\node-server\src\middleware\common.ts
FN:7,(anonymous_1)
FN:11,(anonymous_2)
FN:15,(anonymous_3)
FNF:3
FNH:3
FNDA:3,(anonymous_1)
FNDA:3,(anonymous_2)
FNDA:3,(anonymous_3)
DA:2,1
DA:3,1
DA:4,1
DA:7,1
DA:8,3
DA:11,1
DA:12,3
DA:13,3
DA:15,1
DA:16,3
LF:10
LH:10
BRF:0
BRH:0
end_of_record
TN:
SF:C:\Users\garre\source\repos\node-server\src\middleware\errorHandlers.ts
FN:4,(anonymous_1)
FN:5,(anonymous_2)
FN:10,(anonymous_3)
FN:11,(anonymous_4)
FN:16,(anonymous_5)
FN:17,(anonymous_6)
FNF:6
FNH:5
FNDA:3,(anonymous_1)
FNDA:1,(anonymous_2)
FNDA:3,(anonymous_3)
FNDA:2,(anonymous_4)
FNDA:3,(anonymous_5)
FNDA:0,(anonymous_6)
DA:2,1
DA:4,1
DA:5,3
DA:6,1
DA:10,1
DA:11,3
DA:12,2
DA:16,1
DA:17,3
DA:18,0
DA:22,1
LF:11
LH:10
BRF:0
BRH:0
end_of_record
TN:
SF:C:\Users\garre\source\repos\node-server\src\middleware\index.ts
FNF:0
FNH:0
DA:1,1
DA:7,1
DA:9,1
LF:3
LH:3
BRF:0
BRH:0
end_of_record
TN:
SF:C:\Users\garre\source\repos\node-server\src\services\Geocoder\GeocoderController.ts
FN:3,(anonymous_6)
FN:3,(anonymous_7)
FNF:2
FNH:2
FNDA:3,(anonymous_6)
FNDA:3,(anonymous_7)
DA:1,2
DA:3,3
DA:4,3
DA:5,0
DA:11,3
LF:5
LH:4
BRDA:4,0,0,0
BRDA:4,0,1,3
BRF:2
BRH:1
end_of_record
TN:
SF:C:\Users\garre\source\repos\node-server\src\services\Geocoder\routes.ts
FN:10,(anonymous_6)
FN:10,(anonymous_7)
FN:19,(anonymous_8)
FN:19,(anonymous_9)
FNF:4
FNH:2
FNDA:0,(anonymous_6)
FNDA:0,(anonymous_7)
FNDA:1,(anonymous_8)
FNDA:1,(anonymous_9)
DA:2,1
DA:3,1
DA:6,1
DA:10,0
DA:11,0
DA:19,1
DA:20,1
DA:21,1
LF:8
LH:6
BRF:0
BRH:0
end_of_record
TN:
SF:C:\Users\garre\source\repos\node-server\src\services\Geocoder\providers\OpenCageDataProvider.ts
FN:7,(anonymous_7)
FN:7,(anonymous_8)
FNF:2
FNH:2
FNDA:5,(anonymous_7)
FNDA:5,(anonymous_8)
DA:2,3
DA:3,3
DA:5,3
DA:7,5
DA:8,5
DA:9,5
DA:10,5
DA:11,5
LF:8
LH:8
BRF:0
BRH:0
end_of_record
TN:
SF:C:\Users\garre\source\repos\node-server\src\utils\ErrorHandler.ts
FN:4,(anonymous_0)
FN:8,(anonymous_1)
FN:17,(anonymous_2)
FNF:3
FNH:2
FNDA:1,(anonymous_0)
FNDA:2,(anonymous_1)
FNDA:0,(anonymous_2)
DA:2,1
DA:4,1
DA:5,1
DA:8,1
DA:9,2
DA:10,2
DA:11,2
DA:13,0
DA:17,1
DA:18,0
DA:19,0
DA:20,0
DA:22,0
LF:13
LH:8
BRDA:9,0,0,2
BRDA:9,0,1,0
BRDA:19,1,0,0
BRDA:19,1,1,0
BRF:4
BRH:1
end_of_record
TN:
SF:C:\Users\garre\source\repos\node-server\src\utils\httpErrors.ts
FN:5,(anonymous_0)
FN:19,(anonymous_1)
FN:27,(anonymous_2)
FNF:3
FNH:3
FNDA:2,(anonymous_0)
FNDA:1,(anonymous_1)
FNDA:1,(anonymous_2)
DA:1,1
DA:6,2
DA:7,0
DA:9,2
DA:11,2
DA:12,2
DA:16,1
DA:17,1
DA:20,1
DA:24,1
DA:25,1
DA:28,1
LF:12
LH:11
BRDA:6,0,0,0
BRDA:6,0,1,2
BRDA:19,1,0,0
BRDA:27,2,0,0
BRF:4
BRH:1
end_of_record
TN:
SF:C:\Users\garre\source\repos\node-server\src\utils\index.ts
FN:5,(anonymous_0)
FN:26,(anonymous_1)
FNF:2
FNH:2
FNDA:6,(anonymous_0)
FNDA:3,(anonymous_1)
DA:5,1
DA:9,6
DA:10,21
DA:26,1
DA:27,3
DA:28,6
DA:29,6
LF:7
LH:7
BRF:0
BRH:0
end_of_record
